[debug] [2026-02-06T13:43:43.211Z] ----------------------------------------------------------------------
[debug] [2026-02-06T13:43:43.213Z] Command:       /Users/ieunsol/.nvm/versions/node/v24.13.0/bin/node /Users/ieunsol/.nvm/versions/node/v24.13.0/bin/firebase projects:create danbi --display-name danbi
[debug] [2026-02-06T13:43:43.213Z] CLI Version:   15.5.1
[debug] [2026-02-06T13:43:43.213Z] Platform:      darwin
[debug] [2026-02-06T13:43:43.213Z] Node Version:  v24.13.0
[debug] [2026-02-06T13:43:43.213Z] Time:          Fri Feb 06 2026 22:43:43 GMT+0900 (Korean Standard Time)
[debug] [2026-02-06T13:43:43.213Z] ----------------------------------------------------------------------
[debug] 
[debug] [2026-02-06T13:43:43.216Z] > command requires scopes: ["email","openid","https://www.googleapis.com/auth/cloudplatformprojects.readonly","https://www.googleapis.com/auth/firebase","https://www.googleapis.com/auth/cloud-platform"]
[debug] [2026-02-06T13:43:43.216Z] > authorizing via signed-in user (eunsol.lee503@gmail.com)
[debug] [2026-02-06T13:43:43.217Z] Checked if tokens are valid: true, expires at: 1770388590028
[debug] [2026-02-06T13:43:43.217Z] Checked if tokens are valid: true, expires at: 1770388590028
[debug] [2026-02-06T13:43:43.218Z] >>> [apiv2][query] POST https://cloudresourcemanager.googleapis.com/v1/projects [none]
[debug] [2026-02-06T13:43:43.218Z] >>> [apiv2][body] POST https://cloudresourcemanager.googleapis.com/v1/projects {"projectId":"danbi","name":"danbi"}
[debug] [2026-02-06T13:43:43.498Z] <<< [apiv2][status] POST https://cloudresourcemanager.googleapis.com/v1/projects 400
[debug] [2026-02-06T13:43:43.498Z] <<< [apiv2][body] POST https://cloudresourcemanager.googleapis.com/v1/projects {"error":{"code":400,"message":"field [project_id] has issue [project_id must be at least 6 characters long]","status":"INVALID_ARGUMENT","details":[{"@type":"type.googleapis.com/google.rpc.BadRequest","fieldViolations":[{"field":"project_id","description":"project_id must be at least 6 characters long"}]},{"@type":"type.googleapis.com/google.rpc.Help","links":[{"url":"https://cloud.google.com/resource-manager/reference/rest/v1/projects"}]}]}}
[debug] [2026-02-06T13:43:43.668Z] FirebaseError: Request to https://cloudresourcemanager.googleapis.com/v1/projects had HTTP Error: 400, field [project_id] has issue [project_id must be at least 6 characters long]
    at responseToError (/Users/ieunsol/.nvm/versions/node/v24.13.0/lib/node_modules/firebase-tools/lib/responseToError.js:53:12)
    at RetryOperation._fn (/Users/ieunsol/.nvm/versions/node/v24.13.0/lib/node_modules/firebase-tools/lib/apiv2.js:330:77)
    at process.processTicksAndRejections (node:internal/process/task_queues:103:5)
[error] 
[error] Error: Failed to create project. See firebase-debug.log for more info.
